[2025-04-21 02:33:22.083][thread 32360][/home/jerry/Desktop/questionnare/questionnare-src/main.cc:171,main][info] : main into
[2025-04-21 02:33:22.085][thread 32360][/home/jerry/Desktop/questionnare/questionnare-src/mysql/db_pool.cc:570,Init][info] : db_host:127.0.0.1, db_port:4000, db_dbname:survey_system, db_username:root, db_password:123456
[2025-04-21 02:33:22.107][thread 32360][/home/jerry/Desktop/questionnare/questionnare-src/mysql/db_pool.cc:570,Init][info] : db_host:127.0.0.1, db_port:4000, db_dbname:survey_system, db_username:root, db_password:123456
[2025-04-21 02:33:22.126][thread 32360][/home/jerry/Desktop/questionnare/questionnare-src/main.cc:215,main][info] : server start listen on:For http://0.0.0.0:8081
[2025-04-21 02:33:22.126][thread 32360][/home/jerry/Desktop/questionnare/questionnare-src/main.cc:217,main][info] : now enter the event loop...
[2025-04-21 02:33:25.861][thread 32360][/home/jerry/Desktop/questionnare/questionnare-src/http_conn.cc:121,CHttpConn][info] : conn_uuid: 1, conn_handle_: 1
[2025-04-21 02:33:25.861][thread 32360][/home/jerry/Desktop/questionnare/questionnare-src/http_conn.cc:121,CHttpConn][info] : conn_uuid: 2, conn_handle_: 2
[2025-04-21 02:33:25.862][thread 32360][/home/jerry/Desktop/questionnare/questionnare-src/http_conn.cc:244,OnRead][info] : url: /api/mytables?cmd=count
[2025-04-21 02:33:25.862][thread 32360][/home/jerry/Desktop/questionnare/questionnare-src/api/api_mytables.cc:457,ApiMyTables][info] : url: /api/mytables?cmd=count, cmd: count 
[2025-04-21 02:33:25.863][thread 32360][/home/jerry/Desktop/questionnare/questionnare-src/api/api_mytables.cc:477,ApiMyTables][error] : VerifyToken failed
[2025-04-21 02:33:25.864][thread 32360][/home/jerry/Desktop/questionnare/questionnare-src/http_conn.cc:473,OnWriteComlete][info] : write complete
[2025-04-21 02:33:25.864][thread 32360][/home/jerry/Desktop/questionnare/questionnare-src/http_conn.cc:125,~CHttpConn][info] : ~CHttpConn, handle = 1
[2025-04-21 02:33:25.864][thread 32360][/home/jerry/Desktop/questionnare/questionnare-src/http_conn.cc:173,Send][info] : All data sent successfully. Len: 112
[2025-04-21 02:33:25.865][thread 32360][/home/jerry/Desktop/questionnare/questionnare-src/http_conn.cc:244,OnRead][info] : url: /api/mypictures
[2025-04-21 02:33:25.874][thread 32360][/home/jerry/Desktop/questionnare/questionnare-src/http_conn.cc:473,OnWriteComlete][info] : write complete
[2025-04-21 02:33:25.876][thread 32360][/home/jerry/Desktop/questionnare/questionnare-src/http_conn.cc:125,~CHttpConn][info] : ~CHttpConn, handle = 2
[2025-04-21 02:33:25.876][thread 32360][/home/jerry/Desktop/questionnare/questionnare-src/http_conn.cc:173,Send][info] : All data sent successfully. Len: 78948
[2025-04-21 02:33:38.489][thread 32360][/home/jerry/Desktop/questionnare/questionnare-src/http_conn.cc:121,CHttpConn][info] : conn_uuid: 3, conn_handle_: 3
[2025-04-21 02:33:38.490][thread 32360][/home/jerry/Desktop/questionnare/questionnare-src/http_conn.cc:244,OnRead][info] : url: /api/login
[2025-04-21 02:33:38.495][thread 32363][/home/jerry/Desktop/questionnare/questionnare-src/api/api_login.cc:106,verifyUserPassword][info] : mysql-pwd: 2d75fb32c78f877b81a6436ed308e3af, user-pwd: 2d75fb32c78f877b81a6436ed308e3af
[2025-04-21 02:33:38.496][thread 32363][/home/jerry/Desktop/questionnare/questionnare-src/api/api_login.cc:141,setTokenInKvstore][error] : 【setTokenInKvstore】发送命令: %s，响应: %s
[2025-04-21 02:33:38.496][thread 32363][/home/jerry/Desktop/questionnare/questionnare-src/api/api_common.cc:210,DBGetUserTableCountByUsername][info] : 执行：select user_id from Users where user_name='jerry'
[2025-04-21 02:33:38.500][thread 32363][/home/jerry/Desktop/questionnare/questionnare-src/api/api_common.cc:226,DBGetUserTableCountByUsername][info] : 执行：select count(*) from Surveys where user_id=60003
[2025-04-21 02:33:38.507][thread 32363][/home/jerry/Desktop/questionnare/questionnare-src/api/api_login.cc:198,CacheSetCount][error] : 【CacheSetCount】发送命令: %s，响应: %s
[2025-04-21 02:33:38.507][thread 32363][/home/jerry/Desktop/questionnare/questionnare-src/api/api_login.cc:230,loadMyTablesCount][info] : TABLE_USER_COUNT: 1
[2025-04-21 02:33:38.507][thread 32363][/home/jerry/Desktop/questionnare/questionnare-src/http_conn.cc:503,AddResponseData][info] : into
[2025-04-21 02:33:38.508][thread 32360][/home/jerry/Desktop/questionnare/questionnare-src/http_conn.cc:488,SendResponseDataList][info] : conn_uuid: 3
[2025-04-21 02:33:38.508][thread 32360][/home/jerry/Desktop/questionnare/questionnare-src/http_conn.cc:490,SendResponseDataList][info] : send: HTTP/1.1 200 OK
Connection:close
Content-Length:54
Content-Type:application/json;charset=utf-8

{"code":0,"token":"ogchbwwkghfxkgesffcwgucvvvehfukv"}

[2025-04-21 02:33:38.508][thread 32360][/home/jerry/Desktop/questionnare/questionnare-src/http_conn.cc:473,OnWriteComlete][info] : write complete
[2025-04-21 02:33:38.508][thread 32360][/home/jerry/Desktop/questionnare/questionnare-src/http_conn.cc:125,~CHttpConn][info] : ~CHttpConn, handle = 3
[2025-04-21 02:33:38.508][thread 32360][/home/jerry/Desktop/questionnare/questionnare-src/http_conn.cc:173,Send][info] : All data sent successfully. Len: 155
[2025-04-21 02:33:39.579][thread 32360][/home/jerry/Desktop/questionnare/questionnare-src/http_conn.cc:121,CHttpConn][info] : conn_uuid: 4, conn_handle_: 4
[2025-04-21 02:33:39.581][thread 32360][/home/jerry/Desktop/questionnare/questionnare-src/http_conn.cc:244,OnRead][info] : url: /api/mytables?cmd=count
[2025-04-21 02:33:39.581][thread 32360][/home/jerry/Desktop/questionnare/questionnare-src/api/api_mytables.cc:457,ApiMyTables][info] : url: /api/mytables?cmd=count, cmd: count 
[2025-04-21 02:33:39.595][thread 32360][/home/jerry/Desktop/questionnare/questionnare-src/api/api_mytables.cc:213,getUserTableList][info] : getUserTableList info
[2025-04-21 02:33:39.634][thread 32360][/home/jerry/Desktop/questionnare/questionnare-src/http_conn.cc:473,OnWriteComlete][info] : write complete
[2025-04-21 02:33:39.635][thread 32360][/home/jerry/Desktop/questionnare/questionnare-src/http_conn.cc:125,~CHttpConn][info] : ~CHttpConn, handle = 4
[2025-04-21 02:33:39.635][thread 32360][/home/jerry/Desktop/questionnare/questionnare-src/http_conn.cc:173,Send][info] : All data sent successfully. Len: 200
[2025-04-21 02:33:39.635][thread 32360][/home/jerry/Desktop/questionnare/questionnare-src/http_conn.cc:121,CHttpConn][info] : conn_uuid: 5, conn_handle_: 5
[2025-04-21 02:33:39.635][thread 32360][/home/jerry/Desktop/questionnare/questionnare-src/http_conn.cc:244,OnRead][info] : url: /api/mypictures
[2025-04-21 02:33:39.649][thread 32360][/home/jerry/Desktop/questionnare/questionnare-src/http_conn.cc:473,OnWriteComlete][info] : write complete
[2025-04-21 02:33:39.649][thread 32360][/home/jerry/Desktop/questionnare/questionnare-src/http_conn.cc:125,~CHttpConn][info] : ~CHttpConn, handle = 5
[2025-04-21 02:33:39.649][thread 32360][/home/jerry/Desktop/questionnare/questionnare-src/http_conn.cc:173,Send][info] : All data sent successfully. Len: 124357
[2025-04-21 02:33:40.959][thread 32360][/home/jerry/Desktop/questionnare/questionnare-src/http_conn.cc:121,CHttpConn][info] : conn_uuid: 6, conn_handle_: 6
[2025-04-21 02:33:40.959][thread 32360][/home/jerry/Desktop/questionnare/questionnare-src/http_conn.cc:244,OnRead][info] : url: /api/mytables?cmd=normal
[2025-04-21 02:33:40.959][thread 32360][/home/jerry/Desktop/questionnare/questionnare-src/api/api_mytables.cc:457,ApiMyTables][info] : url: /api/mytables?cmd=normal, cmd: normal 
[2025-04-21 02:33:40.959][thread 32360][/home/jerry/Desktop/questionnare/questionnare-src/api/api_mytables.cc:490,ApiMyTables][info] : user_name: jerry, token:ogchbwwkghfxkgesffcwgucvvvehfukv, table_name: 22
[2025-04-21 02:33:40.960][thread 32360][/home/jerry/Desktop/questionnare/questionnare-src/api/api_mytables.cc:357,getUserTable][info] : getUserTable info
[2025-04-21 02:33:40.992][thread 32360][/home/jerry/Desktop/questionnare/questionnare-src/http_conn.cc:473,OnWriteComlete][info] : write complete
[2025-04-21 02:33:40.992][thread 32360][/home/jerry/Desktop/questionnare/questionnare-src/http_conn.cc:125,~CHttpConn][info] : ~CHttpConn, handle = 6
[2025-04-21 02:33:40.992][thread 32360][/home/jerry/Desktop/questionnare/questionnare-src/http_conn.cc:173,Send][info] : All data sent successfully. Len: 273
[2025-04-21 02:33:42.505][thread 32360][/home/jerry/Desktop/questionnare/questionnare-src/http_conn.cc:121,CHttpConn][info] : conn_uuid: 7, conn_handle_: 7
[2025-04-21 02:33:42.506][thread 32360][/home/jerry/Desktop/questionnare/questionnare-src/http_conn.cc:244,OnRead][info] : url: /api/upload
[2025-04-21 02:33:42.557][thread 32360][/home/jerry/Desktop/questionnare/questionnare-src/api/api_deal_table.cc:336,handleUpdateQuestion][info] : 执行更新is_filled的语句: UPDATE Surveys SET is_filled = 1 WHERE survey_id = ?
[2025-04-21 02:33:42.568][thread 32360][/home/jerry/Desktop/questionnare/questionnare-src/api/api_deal_table.cc:344,handleUpdateQuestion][info] : 成功将is_filled更新为1，对应survey_id: 60003
[2025-04-21 02:33:42.571][thread 32360][/home/jerry/Desktop/questionnare/questionnare-src/api/api_deal_table.cc:137,CacheIncrCount][info] : jerry-1
[2025-04-21 02:33:42.571][thread 32360][/home/jerry/Desktop/questionnare/questionnare-src/http_conn.cc:473,OnWriteComlete][info] : write complete
[2025-04-21 02:33:42.572][thread 32360][/home/jerry/Desktop/questionnare/questionnare-src/http_conn.cc:125,~CHttpConn][info] : ~CHttpConn, handle = 7
[2025-04-21 02:33:42.572][thread 32360][/home/jerry/Desktop/questionnare/questionnare-src/http_conn.cc:173,Send][info] : All data sent successfully. Len: 119
[2025-04-21 02:33:43.549][thread 32360][/home/jerry/Desktop/questionnare/questionnare-src/http_conn.cc:121,CHttpConn][info] : conn_uuid: 8, conn_handle_: 8
[2025-04-21 02:33:43.550][thread 32360][/home/jerry/Desktop/questionnare/questionnare-src/http_conn.cc:121,CHttpConn][info] : conn_uuid: 9, conn_handle_: 9
[2025-04-21 02:33:43.550][thread 32360][/home/jerry/Desktop/questionnare/questionnare-src/http_conn.cc:244,OnRead][info] : url: /api/mytables?cmd=count
[2025-04-21 02:33:43.550][thread 32360][/home/jerry/Desktop/questionnare/questionnare-src/api/api_mytables.cc:457,ApiMyTables][info] : url: /api/mytables?cmd=count, cmd: count 
[2025-04-21 02:33:43.552][thread 32360][/home/jerry/Desktop/questionnare/questionnare-src/api/api_mytables.cc:213,getUserTableList][info] : getUserTableList info
[2025-04-21 02:33:43.573][thread 32360][/home/jerry/Desktop/questionnare/questionnare-src/http_conn.cc:473,OnWriteComlete][info] : write complete
[2025-04-21 02:33:43.573][thread 32360][/home/jerry/Desktop/questionnare/questionnare-src/http_conn.cc:125,~CHttpConn][info] : ~CHttpConn, handle = 8
[2025-04-21 02:33:43.574][thread 32360][/home/jerry/Desktop/questionnare/questionnare-src/http_conn.cc:173,Send][info] : All data sent successfully. Len: 200
[2025-04-21 02:33:43.574][thread 32360][/home/jerry/Desktop/questionnare/questionnare-src/http_conn.cc:244,OnRead][info] : url: /api/mypictures
[2025-04-21 02:33:43.580][thread 32360][/home/jerry/Desktop/questionnare/questionnare-src/http_conn.cc:473,OnWriteComlete][info] : write complete
[2025-04-21 02:33:43.580][thread 32360][/home/jerry/Desktop/questionnare/questionnare-src/http_conn.cc:125,~CHttpConn][info] : ~CHttpConn, handle = 9
[2025-04-21 02:33:43.580][thread 32360][/home/jerry/Desktop/questionnare/questionnare-src/http_conn.cc:173,Send][info] : All data sent successfully. Len: 34866
[2025-04-21 02:33:47.122][thread 32360][/home/jerry/Desktop/questionnare/questionnare-src/http_conn.cc:121,CHttpConn][info] : conn_uuid: 10, conn_handle_: A
[2025-04-21 02:33:47.123][thread 32360][/home/jerry/Desktop/questionnare/questionnare-src/http_conn.cc:244,OnRead][info] : url: /api/login
[2025-04-21 02:33:47.127][thread 32364][/home/jerry/Desktop/questionnare/questionnare-src/api/api_login.cc:106,verifyUserPassword][info] : mysql-pwd: e10adc3949ba59abbe56e057f20f883e, user-pwd: e10adc3949ba59abbe56e057f20f883e
[2025-04-21 02:33:47.129][thread 32364][/home/jerry/Desktop/questionnare/questionnare-src/api/api_login.cc:141,setTokenInKvstore][error] : 【setTokenInKvstore】发送命令: %s，响应: %s
[2025-04-21 02:33:47.129][thread 32364][/home/jerry/Desktop/questionnare/questionnare-src/api/api_common.cc:210,DBGetUserTableCountByUsername][info] : 执行：select user_id from Users where user_name='root'
[2025-04-21 02:33:47.133][thread 32364][/home/jerry/Desktop/questionnare/questionnare-src/api/api_common.cc:226,DBGetUserTableCountByUsername][info] : 执行：select count(*) from Surveys where user_id=1
[2025-04-21 02:33:47.140][thread 32364][/home/jerry/Desktop/questionnare/questionnare-src/api/api_login.cc:198,CacheSetCount][error] : 【CacheSetCount】发送命令: %s，响应: %s
[2025-04-21 02:33:47.140][thread 32364][/home/jerry/Desktop/questionnare/questionnare-src/api/api_login.cc:230,loadMyTablesCount][info] : TABLE_USER_COUNT: 1
[2025-04-21 02:33:47.141][thread 32364][/home/jerry/Desktop/questionnare/questionnare-src/http_conn.cc:503,AddResponseData][info] : into
[2025-04-21 02:33:47.142][thread 32360][/home/jerry/Desktop/questionnare/questionnare-src/http_conn.cc:488,SendResponseDataList][info] : conn_uuid: 10
[2025-04-21 02:33:47.142][thread 32360][/home/jerry/Desktop/questionnare/questionnare-src/http_conn.cc:490,SendResponseDataList][info] : send: HTTP/1.1 200 OK
Connection:close
Content-Length:54
Content-Type:application/json;charset=utf-8

{"code":0,"token":"aeyjkhtoxnzqnwvzwmprqqqmrgjugdvi"}

[2025-04-21 02:33:47.143][thread 32360][/home/jerry/Desktop/questionnare/questionnare-src/http_conn.cc:473,OnWriteComlete][info] : write complete
[2025-04-21 02:33:47.143][thread 32360][/home/jerry/Desktop/questionnare/questionnare-src/http_conn.cc:125,~CHttpConn][info] : ~CHttpConn, handle = 10
[2025-04-21 02:33:47.143][thread 32360][/home/jerry/Desktop/questionnare/questionnare-src/http_conn.cc:173,Send][info] : All data sent successfully. Len: 155
[2025-04-21 02:33:48.222][thread 32360][/home/jerry/Desktop/questionnare/questionnare-src/http_conn.cc:121,CHttpConn][info] : conn_uuid: 11, conn_handle_: B
[2025-04-21 02:33:48.222][thread 32360][/home/jerry/Desktop/questionnare/questionnare-src/http_conn.cc:121,CHttpConn][info] : conn_uuid: 12, conn_handle_: C
[2025-04-21 02:33:48.222][thread 32360][/home/jerry/Desktop/questionnare/questionnare-src/http_conn.cc:244,OnRead][info] : url: /api/mypictures
[2025-04-21 02:33:48.237][thread 32360][/home/jerry/Desktop/questionnare/questionnare-src/http_conn.cc:473,OnWriteComlete][info] : write complete
[2025-04-21 02:33:48.237][thread 32360][/home/jerry/Desktop/questionnare/questionnare-src/http_conn.cc:125,~CHttpConn][info] : ~CHttpConn, handle = 11
[2025-04-21 02:33:48.237][thread 32360][/home/jerry/Desktop/questionnare/questionnare-src/http_conn.cc:173,Send][info] : All data sent successfully. Len: 80013
[2025-04-21 02:33:48.246][thread 32360][/home/jerry/Desktop/questionnare/questionnare-src/http_conn.cc:244,OnRead][info] : url: /api/root/tables?cmd=count
[2025-04-21 02:33:48.246][thread 32360][/home/jerry/Desktop/questionnare/questionnare-src/api/api_root_tables.cc:336,ApiRootTables][info] : url: /api/root/tables?cmd=count, cmd: count 
[2025-04-21 02:33:48.248][thread 32360][/home/jerry/Desktop/questionnare/questionnare-src/api/api_root_tables.cc:93,getRootTableList][info] : getRootTableList info
[2025-04-21 02:33:48.249][thread 32360][/home/jerry/Desktop/questionnare/questionnare-src/api/api_common.cc:210,DBGetUserTableCountByUsername][info] : 执行：select user_id from Users where user_name='root'
[2025-04-21 02:33:48.271][thread 32360][/home/jerry/Desktop/questionnare/questionnare-src/api/api_common.cc:226,DBGetUserTableCountByUsername][info] : 执行：select count(*) from Surveys where user_id=1
[2025-04-21 02:33:48.290][thread 32360][/home/jerry/Desktop/questionnare/questionnare-src/http_conn.cc:473,OnWriteComlete][info] : write complete
[2025-04-21 02:33:48.290][thread 32360][/home/jerry/Desktop/questionnare/questionnare-src/http_conn.cc:125,~CHttpConn][info] : ~CHttpConn, handle = 12
[2025-04-21 02:33:48.290][thread 32360][/home/jerry/Desktop/questionnare/questionnare-src/http_conn.cc:173,Send][info] : All data sent successfully. Len: 186
[2025-04-21 02:33:49.610][thread 32360][/home/jerry/Desktop/questionnare/questionnare-src/http_conn.cc:121,CHttpConn][info] : conn_uuid: 13, conn_handle_: D
[2025-04-21 02:33:49.611][thread 32360][/home/jerry/Desktop/questionnare/questionnare-src/http_conn.cc:244,OnRead][info] : url: /api/root/tables?cmd=normal
[2025-04-21 02:33:49.611][thread 32360][/home/jerry/Desktop/questionnare/questionnare-src/api/api_root_tables.cc:336,ApiRootTables][info] : url: /api/root/tables?cmd=normal, cmd: normal 
[2025-04-21 02:33:49.611][thread 32360][/home/jerry/Desktop/questionnare/questionnare-src/api/api_root_tables.cc:200,getRootTable][info] : getRootTable info
[2025-04-21 02:33:49.667][thread 32360][/home/jerry/Desktop/questionnare/questionnare-src/http_conn.cc:473,OnWriteComlete][info] : write complete
[2025-04-21 02:33:49.667][thread 32360][/home/jerry/Desktop/questionnare/questionnare-src/http_conn.cc:125,~CHttpConn][info] : ~CHttpConn, handle = 13
[2025-04-21 02:33:49.667][thread 32360][/home/jerry/Desktop/questionnare/questionnare-src/http_conn.cc:173,Send][info] : All data sent successfully. Len: 287
[2025-04-21 02:33:51.511][thread 32360][/home/jerry/Desktop/questionnare/questionnare-src/http_conn.cc:121,CHttpConn][info] : conn_uuid: 14, conn_handle_: E
[2025-04-21 02:33:51.512][thread 32360][/home/jerry/Desktop/questionnare/questionnare-src/http_conn.cc:244,OnRead][info] : url: /api/root/table_delete
[2025-04-21 02:33:51.627][thread 32360][/home/jerry/Desktop/questionnare/questionnare-src/http_conn.cc:473,OnWriteComlete][info] : write complete
[2025-04-21 02:33:51.628][thread 32360][/home/jerry/Desktop/questionnare/questionnare-src/http_conn.cc:125,~CHttpConn][info] : ~CHttpConn, handle = 14
[2025-04-21 02:33:51.628][thread 32360][/home/jerry/Desktop/questionnare/questionnare-src/http_conn.cc:173,Send][info] : All data sent successfully. Len: 112
[2025-04-21 02:33:51.719][thread 32360][/home/jerry/Desktop/questionnare/questionnare-src/http_conn.cc:121,CHttpConn][info] : conn_uuid: 15, conn_handle_: F
[2025-04-21 02:33:51.722][thread 32360][/home/jerry/Desktop/questionnare/questionnare-src/http_conn.cc:244,OnRead][info] : url: /api/mypictures
[2025-04-21 02:33:51.731][thread 32360][/home/jerry/Desktop/questionnare/questionnare-src/http_conn.cc:473,OnWriteComlete][info] : write complete
[2025-04-21 02:33:51.733][thread 32360][/home/jerry/Desktop/questionnare/questionnare-src/http_conn.cc:125,~CHttpConn][info] : ~CHttpConn, handle = 15
[2025-04-21 02:33:51.733][thread 32360][/home/jerry/Desktop/questionnare/questionnare-src/http_conn.cc:173,Send][info] : All data sent successfully. Len: 78948
[2025-04-21 02:33:51.735][thread 32360][/home/jerry/Desktop/questionnare/questionnare-src/http_conn.cc:121,CHttpConn][info] : conn_uuid: 16, conn_handle_: 10
[2025-04-21 02:33:51.737][thread 32360][/home/jerry/Desktop/questionnare/questionnare-src/http_conn.cc:244,OnRead][info] : url: /api/root/tables?cmd=count
[2025-04-21 02:33:51.737][thread 32360][/home/jerry/Desktop/questionnare/questionnare-src/api/api_root_tables.cc:336,ApiRootTables][info] : url: /api/root/tables?cmd=count, cmd: count 
[2025-04-21 02:33:51.737][thread 32360][/home/jerry/Desktop/questionnare/questionnare-src/api/api_root_tables.cc:93,getRootTableList][info] : getRootTableList info
[2025-04-21 02:33:51.737][thread 32360][/home/jerry/Desktop/questionnare/questionnare-src/api/api_common.cc:210,DBGetUserTableCountByUsername][info] : 执行：select user_id from Users where user_name='root'
[2025-04-21 02:33:51.743][thread 32360][/home/jerry/Desktop/questionnare/questionnare-src/api/api_common.cc:226,DBGetUserTableCountByUsername][info] : 执行：select count(*) from Surveys where user_id=1
[2025-04-21 02:33:51.750][thread 32360][/home/jerry/Desktop/questionnare/questionnare-src/api/api_root_tables.cc:112,getRootTableList][warning] : getRootTablesCount = 0
[2025-04-21 02:33:51.750][thread 32360][/home/jerry/Desktop/questionnare/questionnare-src/http_conn.cc:473,OnWriteComlete][info] : write complete
[2025-04-21 02:33:51.750][thread 32360][/home/jerry/Desktop/questionnare/questionnare-src/http_conn.cc:125,~CHttpConn][info] : ~CHttpConn, handle = 16
[2025-04-21 02:33:51.750][thread 32360][/home/jerry/Desktop/questionnare/questionnare-src/http_conn.cc:173,Send][info] : All data sent successfully. Len: 122
[2025-04-21 02:33:54.507][thread 32360][/home/jerry/Desktop/questionnare/questionnare-src/http_conn.cc:121,CHttpConn][info] : conn_uuid: 17, conn_handle_: 11
[2025-04-21 02:33:54.507][thread 32360][/home/jerry/Desktop/questionnare/questionnare-src/http_conn.cc:244,OnRead][info] : url: /api/login
[2025-04-21 02:33:54.514][thread 32367][/home/jerry/Desktop/questionnare/questionnare-src/api/api_login.cc:106,verifyUserPassword][info] : mysql-pwd: 2d75fb32c78f877b81a6436ed308e3af, user-pwd: 2d75fb32c78f877b81a6436ed308e3af
[2025-04-21 02:33:54.514][thread 32367][/home/jerry/Desktop/questionnare/questionnare-src/api/api_login.cc:141,setTokenInKvstore][error] : 【setTokenInKvstore】发送命令: %s，响应: %s
[2025-04-21 02:33:54.514][thread 32367][/home/jerry/Desktop/questionnare/questionnare-src/api/api_common.cc:210,DBGetUserTableCountByUsername][info] : 执行：select user_id from Users where user_name='jerry'
[2025-04-21 02:33:54.518][thread 32367][/home/jerry/Desktop/questionnare/questionnare-src/api/api_common.cc:226,DBGetUserTableCountByUsername][info] : 执行：select count(*) from Surveys where user_id=60003
[2025-04-21 02:33:54.524][thread 32367][/home/jerry/Desktop/questionnare/questionnare-src/api/api_login.cc:198,CacheSetCount][error] : 【CacheSetCount】发送命令: %s，响应: %s
[2025-04-21 02:33:54.524][thread 32367][/home/jerry/Desktop/questionnare/questionnare-src/api/api_login.cc:230,loadMyTablesCount][info] : TABLE_USER_COUNT: 0
[2025-04-21 02:33:54.525][thread 32367][/home/jerry/Desktop/questionnare/questionnare-src/http_conn.cc:503,AddResponseData][info] : into
[2025-04-21 02:33:54.525][thread 32360][/home/jerry/Desktop/questionnare/questionnare-src/http_conn.cc:488,SendResponseDataList][info] : conn_uuid: 17
[2025-04-21 02:33:54.525][thread 32360][/home/jerry/Desktop/questionnare/questionnare-src/http_conn.cc:490,SendResponseDataList][info] : send: HTTP/1.1 200 OK
Connection:close
Content-Length:54
Content-Type:application/json;charset=utf-8

{"code":0,"token":"esoieawrxalbwmrobectymswfefbygze"}

[2025-04-21 02:33:54.525][thread 32360][/home/jerry/Desktop/questionnare/questionnare-src/http_conn.cc:473,OnWriteComlete][info] : write complete
[2025-04-21 02:33:54.526][thread 32360][/home/jerry/Desktop/questionnare/questionnare-src/http_conn.cc:125,~CHttpConn][info] : ~CHttpConn, handle = 17
[2025-04-21 02:33:54.526][thread 32360][/home/jerry/Desktop/questionnare/questionnare-src/http_conn.cc:173,Send][info] : All data sent successfully. Len: 155
[2025-04-21 02:33:55.474][thread 32360][/home/jerry/Desktop/questionnare/questionnare-src/http_conn.cc:121,CHttpConn][info] : conn_uuid: 18, conn_handle_: 12
[2025-04-21 02:33:55.474][thread 32360][/home/jerry/Desktop/questionnare/questionnare-src/http_conn.cc:121,CHttpConn][info] : conn_uuid: 19, conn_handle_: 13
[2025-04-21 02:33:55.474][thread 32360][/home/jerry/Desktop/questionnare/questionnare-src/http_conn.cc:244,OnRead][info] : url: /api/mytables?cmd=count
[2025-04-21 02:33:55.474][thread 32360][/home/jerry/Desktop/questionnare/questionnare-src/api/api_mytables.cc:457,ApiMyTables][info] : url: /api/mytables?cmd=count, cmd: count 
[2025-04-21 02:33:55.475][thread 32360][/home/jerry/Desktop/questionnare/questionnare-src/api/api_mytables.cc:477,ApiMyTables][error] : VerifyToken failed
[2025-04-21 02:33:55.476][thread 32360][/home/jerry/Desktop/questionnare/questionnare-src/http_conn.cc:473,OnWriteComlete][info] : write complete
[2025-04-21 02:33:55.476][thread 32360][/home/jerry/Desktop/questionnare/questionnare-src/http_conn.cc:125,~CHttpConn][info] : ~CHttpConn, handle = 18
[2025-04-21 02:33:55.480][thread 32360][/home/jerry/Desktop/questionnare/questionnare-src/http_conn.cc:173,Send][info] : All data sent successfully. Len: 112
[2025-04-21 02:33:55.480][thread 32360][/home/jerry/Desktop/questionnare/questionnare-src/http_conn.cc:244,OnRead][info] : url: /api/mypictures
[2025-04-21 02:33:55.491][thread 32360][/home/jerry/Desktop/questionnare/questionnare-src/http_conn.cc:473,OnWriteComlete][info] : write complete
[2025-04-21 02:33:55.493][thread 32360][/home/jerry/Desktop/questionnare/questionnare-src/http_conn.cc:125,~CHttpConn][info] : ~CHttpConn, handle = 19
[2025-04-21 02:33:55.494][thread 32360][/home/jerry/Desktop/questionnare/questionnare-src/http_conn.cc:173,Send][info] : All data sent successfully. Len: 108339
